<?xml version="1.0" encoding="UTF-8"?>
<!-- Generated by org.testng.reporters.JUnitXMLReporter -->
<testsuite ignored="0" hostname="Priya-Laptop" failures="0" tests="4" name="Test" time="22.357" errors="0" timestamp="2021-10-14T15:02:00 EDT">
  <testcase classname="testCases.LoginTest" name="login" time="1.319"/>
  <testcase classname="testCases.LoginTest" name="login" time="1.323"/>
  <testcase classname="testCases.TestThree" name="Threetest" time="3.747"/>
  <testcase classname="testCases.TestTwo" name="Twotest" time="5.078"/>
</testsuite> <!-- Test -->
